{"type":"server-started","port":51556,"host":"127.0.0.1","url_host":"localhost","url":"http://localhost:51556","screen_dir":"/Users/sjoerddijkstra/Dropbox/coding/pagebuilder/.superpowers/brainstorm/91375-1774945556/content","state_dir":"/Users/sjoerddijkstra/Dropbox/coding/pagebuilder/.superpowers/brainstorm/91375-1774945556/state"}
{"type":"screen-added","file":"/Users/sjoerddijkstra/Dropbox/coding/pagebuilder/.superpowers/brainstorm/91375-1774945556/content/builder-layout.html"}
{"type":"screen-updated","file":"/Users/sjoerddijkstra/Dropbox/coding/pagebuilder/.superpowers/brainstorm/91375-1774945556/content/builder-layout.html"}
{"type":"screen-updated","file":"/Users/sjoerddijkstra/Dropbox/coding/pagebuilder/.superpowers/brainstorm/91375-1774945556/content/builder-layout.html"}
{"type":"screen-updated","file":"/Users/sjoerddijkstra/Dropbox/coding/pagebuilder/.superpowers/brainstorm/91375-1774945556/content/builder-layout.html"}
{"type":"screen-updated","file":"/Users/sjoerddijkstra/Dropbox/coding/pagebuilder/.superpowers/brainstorm/91375-1774945556/content/builder-layout.html"}
{"source":"user-event","type":"click","text":"Segments\n            Hero\n            Text\n          \n          \n            Hero\n            Text\n          \n          \n            Settings\n            BG Color\n            Padding\n          \n        \n      \n    \n    \n      Three-Panel\n      Segments left, canvas center, settings right. Complete control view.","choice":"both-panels","id":null,"timestamp":1774945663687}
{"source":"user-event","type":"click","text":"Segments\n            Hero\n            Text\n          \n          \n            Hero\n            Text\n          \n          \n            Settings\n            BG Color\n            Padding\n          \n        \n      \n    \n    \n      Three-Panel\n      Segments left, canvas center, settings right. Complete control view.","choice":"both-panels","id":null,"timestamp":1774945669119}
{"type":"screen-added","file":"/Users/sjoerddijkstra/Dropbox/coding/pagebuilder/.superpowers/brainstorm/91375-1774945556/content/waiting.html"}
{"type":"screen-updated","file":"/Users/sjoerddijkstra/Dropbox/coding/pagebuilder/.superpowers/brainstorm/91375-1774945556/content/waiting.html"}
{"type":"screen-updated","file":"/Users/sjoerddijkstra/Dropbox/coding/pagebuilder/.superpowers/brainstorm/91375-1774945556/content/waiting.html"}
{"type":"screen-updated","file":"/Users/sjoerddijkstra/Dropbox/coding/pagebuilder/.superpowers/brainstorm/91375-1774945556/content/waiting.html"}
{"type":"screen-updated","file":"/Users/sjoerddijkstra/Dropbox/coding/pagebuilder/.superpowers/brainstorm/91375-1774945556/content/waiting.html"}
{"type":"screen-added","file":"/Users/sjoerddijkstra/Dropbox/coding/pagebuilder/.superpowers/brainstorm/91375-1774945556/content/architecture-approaches.html"}
{"type":"screen-updated","file":"/Users/sjoerddijkstra/Dropbox/coding/pagebuilder/.superpowers/brainstorm/91375-1774945556/content/architecture-approaches.html"}
{"type":"screen-updated","file":"/Users/sjoerddijkstra/Dropbox/coding/pagebuilder/.superpowers/brainstorm/91375-1774945556/content/architecture-approaches.html"}
{"type":"screen-updated","file":"/Users/sjoerddijkstra/Dropbox/coding/pagebuilder/.superpowers/brainstorm/91375-1774945556/content/architecture-approaches.html"}
{"source":"user-event","type":"click","text":"C\n    \n      Hybrid (Start Simple)\n      React editor + JSON files on disk\n      Pages as JSON files in a project folder. Save/load through the UI, stored locally or via Dropbox.\n      \n        ProsSimpler than full backendVersion control friendlyNo database setup\n        ConsNeed file system accessLimited real-time sharing","choice":"hybrid","id":null,"timestamp":1774947066248}
{"type":"screen-added","file":"/Users/sjoerddijkstra/Dropbox/coding/pagebuilder/.superpowers/brainstorm/91375-1774945556/content/waiting-2.html"}
{"type":"screen-updated","file":"/Users/sjoerddijkstra/Dropbox/coding/pagebuilder/.superpowers/brainstorm/91375-1774945556/content/waiting-2.html"}
{"type":"screen-updated","file":"/Users/sjoerddijkstra/Dropbox/coding/pagebuilder/.superpowers/brainstorm/91375-1774945556/content/waiting-2.html"}
{"type":"screen-updated","file":"/Users/sjoerddijkstra/Dropbox/coding/pagebuilder/.superpowers/brainstorm/91375-1774945556/content/waiting-2.html"}
{"type":"screen-updated","file":"/Users/sjoerddijkstra/Dropbox/coding/pagebuilder/.superpowers/brainstorm/91375-1774945556/content/waiting-2.html"}
{"type":"screen-added","file":"/Users/sjoerddijkstra/Dropbox/coding/pagebuilder/.superpowers/brainstorm/91375-1774945556/content/waiting-3.html"}
{"type":"screen-updated","file":"/Users/sjoerddijkstra/Dropbox/coding/pagebuilder/.superpowers/brainstorm/91375-1774945556/content/waiting-3.html"}
{"type":"screen-updated","file":"/Users/sjoerddijkstra/Dropbox/coding/pagebuilder/.superpowers/brainstorm/91375-1774945556/content/waiting-3.html"}
{"type":"screen-updated","file":"/Users/sjoerddijkstra/Dropbox/coding/pagebuilder/.superpowers/brainstorm/91375-1774945556/content/waiting-3.html"}
{"type":"screen-updated","file":"/Users/sjoerddijkstra/Dropbox/coding/pagebuilder/.superpowers/brainstorm/91375-1774945556/content/waiting-3.html"}
